<?xml version="1.0" encoding="utf-8"?><testsuites><testsuite name="pytest" errors="0" failures="0" skipped="0" tests="0" time="0.112" timestamp="2022-09-04T10:13:19.718948" hostname="DESKTOP-6GDF9C7" /></testsuites>